# JRE version: OpenJDK Runtime Environment Temurin-18.0.1+10 (18.0.1+10) (build 18.0.1+10)
# Java VM: OpenJDK 64-Bit Server VM Temurin-18.0.1+10 (18.0.1+10, mixed mode, emulated-client, tiered, compressed oops, compressed class ptrs, g1 gc, windows-amd64)
GC Precious Log:
 CardTable entry size: 512
 Card Set container configuration: InlinePtr #cards 4 size 8 Array Of Cards #cards 16 size 48 Howl #buckets 8 coarsen threshold 3686 Howl Bitmap #cards 512 size 80 coarsen threshold 460 Card regions per heap region 1 cards per card region 4096
 CPUs: 6 total, 6 available
 Memory: 16255M
 Large Page Support: Disabled
 NUMA Support: Disabled
 Compressed Oops: Enabled (Zero based)
 Heap Region Size: 2M
 Heap Min Capacity: 8M
 Heap Initial Capacity: 254M
 Heap Max Capacity: 4064M
 Pre-touch: Disabled
 Parallel Workers: 6
 Concurrent Workers: 2
 Concurrent Refinement Workers: 6
 Periodic GC: Disabled
Heap:
 garbage-first heap   total 90112K, used 60682K [0x0000000702000000, 0x0000000800000000)
  region size 2048K, 15 young (30720K), 1 survivors (2048K)
 Metaspace       used 78293K, committed 79104K, reserved 1179648K
  class space    used 10192K, committed 10560K, reserved 1048576K
GC Heap History (20 events):
Event: 4139.006 GC heap before
{Heap before GC invocations=106 (full 9):
 garbage-first heap   total 90112K, used 67345K [0x0000000702000000, 0x0000000800000000)
  region size 2048K, 19 young (38912K), 2 survivors (4096K)
 Metaspace       used 78111K, committed 78848K, reserved 1179648K
  class space    used 10175K, committed 10560K, reserved 1048576K
}
Event: 4139.009 GC heap after
{Heap after GC invocations=107 (full 9):
 garbage-first heap   total 90112K, used 34681K [0x0000000702000000, 0x0000000800000000)
  region size 2048K, 3 young (6144K), 3 survivors (6144K)
 Metaspace       used 78111K, committed 78848K, reserved 1179648K
  class space    used 10175K, committed 10560K, reserved 1048576K
}
Event: 4152.959 GC heap before
{Heap before GC invocations=108 (full 9):
 garbage-first heap   total 90112K, used 51065K [0x0000000702000000, 0x0000000800000000)
  region size 2048K, 12 young (24576K), 3 survivors (6144K)
 Metaspace       used 78181K, committed 78912K, reserved 1179648K
  class space    used 10187K, committed 10560K, reserved 1048576K
}
Event: 4152.994 GC heap after
{Heap after GC invocations=109 (full 10):
 garbage-first heap   total 90112K, used 27033K [0x0000000702000000, 0x0000000800000000)
  region size 2048K, 0 young (0K), 0 survivors (0K)
 Metaspace       used 77464K, committed 78912K, reserved 1179648K
  class space    used 10111K, committed 10560K, reserved 1048576K
}
Event: 4153.439 GC heap before
{Heap before GC invocations=109 (full 10):
 garbage-first heap   total 90112K, used 65945K [0x0000000702000000, 0x0000000800000000)
  region size 2048K, 19 young (38912K), 0 survivors (0K)
 Metaspace       used 77640K, committed 78912K, reserved 1179648K
  class space    used 10134K, committed 10560K, reserved 1048576K
}
Event: 4153.440 GC heap after
{Heap after GC invocations=110 (full 10):
 garbage-first heap   total 90112K, used 30048K [0x0000000702000000, 0x0000000800000000)
  region size 2048K, 2 young (4096K), 2 survivors (4096K)
 Metaspace       used 77640K, committed 78912K, reserved 1179648K
  class space    used 10134K, committed 10560K, reserved 1048576K
}
Event: 4154.298 GC heap before
{Heap before GC invocations=111 (full 10):
 garbage-first heap   total 90112K, used 64864K [0x0000000702000000, 0x0000000800000000)
  region size 2048K, 19 young (38912K), 2 survivors (4096K)
 Metaspace       used 77857K, committed 78912K, reserved 1179648K
  class space    used 10153K, committed 10560K, reserved 1048576K
}
Event: 4154.300 GC heap after
{Heap after GC invocations=112 (full 10):
 garbage-first heap   total 90112K, used 31951K [0x0000000702000000, 0x0000000800000000)
  region size 2048K, 3 young (6144K), 3 survivors (6144K)
 Metaspace       used 77857K, committed 78912K, reserved 1179648K
  class space    used 10153K, committed 10560K, reserved 1048576K
}
Event: 4154.309 GC heap before
{Heap before GC invocations=112 (full 10):
 garbage-first heap   total 90112K, used 33999K [0x0000000702000000, 0x0000000800000000)
  region size 2048K, 4 young (8192K), 3 survivors (6144K)
 Metaspace       used 77889K, committed 78912K, reserved 1179648K
  class space    used 10155K, committed 10560K, reserved 1048576K
}
Event: 4154.311 GC heap after
{Heap after GC invocations=113 (full 10):
 garbage-first heap   total 90112K, used 32660K [0x0000000702000000, 0x0000000800000000)
  region size 2048K, 1 young (2048K), 1 survivors (2048K)
 Metaspace       used 77889K, committed 78912K, reserved 1179648K
  class space    used 10155K, committed 10560K, reserved 1048576K
}
Event: 4154.413 GC heap before
{Heap before GC invocations=113 (full 10):
 garbage-first heap   total 90112K, used 65428K [0x0000000702000000, 0x0000000800000000)
  region size 2048K, 17 young (34816K), 1 survivors (2048K)
 Metaspace       used 78073K, committed 78912K, reserved 1179648K
  class space    used 10166K, committed 10560K, reserved 1048576K
}
Event: 4154.414 GC heap after
{Heap after GC invocations=114 (full 10):
 garbage-first heap   total 90112K, used 33239K [0x0000000702000000, 0x0000000800000000)
  region size 2048K, 1 young (2048K), 1 survivors (2048K)
 Metaspace       used 78073K, committed 78912K, reserved 1179648K
  class space    used 10166K, committed 10560K, reserved 1048576K
}
Event: 4172.270 GC heap before
{Heap before GC invocations=115 (full 10):
 garbage-first heap   total 90112K, used 66007K [0x0000000702000000, 0x0000000800000000)
  region size 2048K, 17 young (34816K), 1 survivors (2048K)
 Metaspace       used 78297K, committed 78976K, reserved 1179648K
  class space    used 10205K, committed 10560K, reserved 1048576K
}
Event: 4172.272 GC heap after
{Heap after GC invocations=116 (full 10):
 garbage-first heap   total 90112K, used 35804K [0x0000000702000000, 0x0000000800000000)
  region size 2048K, 2 young (4096K), 2 survivors (4096K)
 Metaspace       used 78297K, committed 78976K, reserved 1179648K
  class space    used 10205K, committed 10560K, reserved 1048576K
}
Event: 4229.414 GC heap before
{Heap before GC invocations=116 (full 10):
 garbage-first heap   total 90112K, used 66524K [0x0000000702000000, 0x0000000800000000)
  region size 2048K, 17 young (34816K), 2 survivors (4096K)
 Metaspace       used 78399K, committed 79040K, reserved 1179648K
  class space    used 10222K, committed 10560K, reserved 1048576K
}
Event: 4229.416 GC heap after
{Heap after GC invocations=117 (full 10):
 garbage-first heap   total 90112K, used 35987K [0x0000000702000000, 0x0000000800000000)
  region size 2048K, 2 young (4096K), 2 survivors (4096K)
 Metaspace       used 78399K, committed 79040K, reserved 1179648K
  class space    used 10222K, committed 10560K, reserved 1048576K
}
Event: 4295.602 GC heap before
{Heap before GC invocations=118 (full 10):
 garbage-first heap   total 90112K, used 68755K [0x0000000702000000, 0x0000000800000000)
  region size 2048K, 18 young (36864K), 2 survivors (4096K)
 Metaspace       used 78197K, committed 79040K, reserved 1179648K
  class space    used 10180K, committed 10560K, reserved 1048576K
}
Event: 4295.604 GC heap after
{Heap after GC invocations=119 (full 10):
 garbage-first heap   total 90112K, used 35914K [0x0000000702000000, 0x0000000800000000)
  region size 2048K, 2 young (4096K), 2 survivors (4096K)
 Metaspace       used 78197K, committed 79040K, reserved 1179648K
  class space    used 10180K, committed 10560K, reserved 1048576K
}
Event: 4300.729 GC heap before
{Heap before GC invocations=119 (full 10):
 garbage-first heap   total 90112K, used 37962K [0x0000000702000000, 0x0000000800000000)
  region size 2048K, 3 young (6144K), 2 survivors (4096K)
 Metaspace       used 78197K, committed 79040K, reserved 1179648K
  class space    used 10180K, committed 10560K, reserved 1048576K
}
Event: 4300.731 GC heap after
{Heap after GC invocations=120 (full 10):
 garbage-first heap   total 90112K, used 34058K [0x0000000702000000, 0x0000000800000000)
  region size 2048K, 1 young (2048K), 1 survivors (2048K)
 Metaspace       used 78197K, committed 79040K, reserved 1179648K
  class space    used 10180K, committed 10560K, reserved 1048576K
}

