# JRE version: OpenJDK Runtime Environment Temurin-18.0.1+10 (18.0.1+10) (build 18.0.1+10)
# Java VM: OpenJDK 64-Bit Server VM Temurin-18.0.1+10 (18.0.1+10, mixed mode, emulated-client, tiered, compressed oops, compressed class ptrs, g1 gc, windows-amd64)
GC Precious Log:
 CardTable entry size: 512
 Card Set container configuration: InlinePtr #cards 4 size 8 Array Of Cards #cards 16 size 48 Howl #buckets 8 coarsen threshold 3686 Howl Bitmap #cards 512 size 80 coarsen threshold 460 Card regions per heap region 1 cards per card region 4096
 CPUs: 6 total, 6 available
 Memory: 16255M
 Large Page Support: Disabled
 NUMA Support: Disabled
 Compressed Oops: Enabled (Zero based)
 Heap Region Size: 2M
 Heap Min Capacity: 8M
 Heap Initial Capacity: 254M
 Heap Max Capacity: 4064M
 Pre-touch: Disabled
 Parallel Workers: 6
 Concurrent Workers: 2
 Concurrent Refinement Workers: 6
 Periodic GC: Disabled
Heap:
 garbage-first heap   total 90112K, used 51939K [0x0000000702000000, 0x0000000800000000)
  region size 2048K, 8 young (16384K), 1 survivors (2048K)
 Metaspace       used 79186K, committed 80064K, reserved 1179648K
  class space    used 10326K, committed 10816K, reserved 1048576K
GC Heap History (20 events):
Event: 2820.095 GC heap after
{Heap after GC invocations=131 (full 18):
 garbage-first heap   total 90112K, used 33062K [0x0000000702000000, 0x0000000800000000)
  region size 2048K, 2 young (4096K), 2 survivors (4096K)
 Metaspace       used 78785K, committed 79936K, reserved 1179648K
  class space    used 10283K, committed 10816K, reserved 1048576K
}
Event: 2820.191 GC heap before
{Heap before GC invocations=131 (full 18):
 garbage-first heap   total 90112K, used 65830K [0x0000000702000000, 0x0000000800000000)
  region size 2048K, 18 young (36864K), 2 survivors (4096K)
 Metaspace       used 78983K, committed 79936K, reserved 1179648K
  class space    used 10299K, committed 10816K, reserved 1048576K
}
Event: 2820.193 GC heap after
{Heap after GC invocations=132 (full 18):
 garbage-first heap   total 90112K, used 33951K [0x0000000702000000, 0x0000000800000000)
  region size 2048K, 2 young (4096K), 2 survivors (4096K)
 Metaspace       used 78983K, committed 79936K, reserved 1179648K
  class space    used 10299K, committed 10816K, reserved 1048576K
}
Event: 2837.298 GC heap before
{Heap before GC invocations=132 (full 18):
 garbage-first heap   total 90112K, used 66719K [0x0000000702000000, 0x0000000800000000)
  region size 2048K, 18 young (36864K), 2 survivors (4096K)
 Metaspace       used 79149K, committed 80000K, reserved 1179648K
  class space    used 10321K, committed 10816K, reserved 1048576K
}
Event: 2837.301 GC heap after
{Heap after GC invocations=133 (full 18):
 garbage-first heap   total 90112K, used 37518K [0x0000000702000000, 0x0000000800000000)
  region size 2048K, 3 young (6144K), 3 survivors (6144K)
 Metaspace       used 79149K, committed 80000K, reserved 1179648K
  class space    used 10321K, committed 10816K, reserved 1048576K
}
Event: 2884.806 GC heap before
{Heap before GC invocations=133 (full 18):
 garbage-first heap   total 90112K, used 64142K [0x0000000702000000, 0x0000000800000000)
  region size 2048K, 16 young (32768K), 3 survivors (6144K)
 Metaspace       used 79149K, committed 80000K, reserved 1179648K
  class space    used 10321K, committed 10816K, reserved 1048576K
}
Event: 2884.808 GC heap after
{Heap after GC invocations=134 (full 18):
 garbage-first heap   total 90112K, used 37983K [0x0000000702000000, 0x0000000800000000)
  region size 2048K, 1 young (2048K), 1 survivors (2048K)
 Metaspace       used 79149K, committed 80000K, reserved 1179648K
  class space    used 10321K, committed 10816K, reserved 1048576K
}
Event: 2902.166 GC heap before
{Heap before GC invocations=134 (full 18):
 garbage-first heap   total 90112K, used 48223K [0x0000000702000000, 0x0000000800000000)
  region size 2048K, 7 young (14336K), 1 survivors (2048K)
 Metaspace       used 79152K, committed 80000K, reserved 1179648K
  class space    used 10322K, committed 10816K, reserved 1048576K
}
Event: 2902.203 GC heap after
{Heap after GC invocations=135 (full 19):
 garbage-first heap   total 90112K, used 26081K [0x0000000702000000, 0x0000000800000000)
  region size 2048K, 0 young (0K), 0 survivors (0K)
 Metaspace       used 78260K, committed 80000K, reserved 1179648K
  class space    used 10210K, committed 10816K, reserved 1048576K
}
Event: 2903.028 GC heap before
{Heap before GC invocations=135 (full 19):
 garbage-first heap   total 90112K, used 67041K [0x0000000702000000, 0x0000000800000000)
  region size 2048K, 20 young (40960K), 0 survivors (0K)
 Metaspace       used 78539K, committed 80000K, reserved 1179648K
  class space    used 10258K, committed 10816K, reserved 1048576K
}
Event: 2903.031 GC heap after
{Heap after GC invocations=136 (full 19):
 garbage-first heap   total 90112K, used 29896K [0x0000000702000000, 0x0000000800000000)
  region size 2048K, 2 young (4096K), 2 survivors (4096K)
 Metaspace       used 78539K, committed 80000K, reserved 1179648K
  class space    used 10258K, committed 10816K, reserved 1048576K
}
Event: 2903.908 GC heap before
{Heap before GC invocations=136 (full 19):
 garbage-first heap   total 90112K, used 66760K [0x0000000702000000, 0x0000000800000000)
  region size 2048K, 20 young (40960K), 2 survivors (4096K)
 Metaspace       used 78799K, committed 80000K, reserved 1179648K
  class space    used 10286K, committed 10816K, reserved 1048576K
}
Event: 2903.910 GC heap after
{Heap after GC invocations=137 (full 19):
 garbage-first heap   total 90112K, used 33133K [0x0000000702000000, 0x0000000800000000)
  region size 2048K, 2 young (4096K), 2 survivors (4096K)
 Metaspace       used 78799K, committed 80000K, reserved 1179648K
  class space    used 10286K, committed 10816K, reserved 1048576K
}
Event: 2904.042 GC heap before
{Heap before GC invocations=137 (full 19):
 garbage-first heap   total 90112K, used 67949K [0x0000000702000000, 0x0000000800000000)
  region size 2048K, 19 young (38912K), 2 survivors (4096K)
 Metaspace       used 79051K, committed 80000K, reserved 1179648K
  class space    used 10306K, committed 10816K, reserved 1048576K
}
Event: 2904.044 GC heap after
{Heap after GC invocations=138 (full 19):
 garbage-first heap   total 90112K, used 34045K [0x0000000702000000, 0x0000000800000000)
  region size 2048K, 3 young (6144K), 3 survivors (6144K)
 Metaspace       used 79051K, committed 80000K, reserved 1179648K
  class space    used 10306K, committed 10816K, reserved 1048576K
}
Event: 2925.262 GC heap before
{Heap before GC invocations=138 (full 19):
 garbage-first heap   total 90112K, used 64765K [0x0000000702000000, 0x0000000800000000)
  region size 2048K, 19 young (38912K), 3 survivors (6144K)
 Metaspace       used 79150K, committed 80000K, reserved 1179648K
  class space    used 10325K, committed 10816K, reserved 1048576K
}
Event: 2925.265 GC heap after
{Heap after GC invocations=139 (full 19):
 garbage-first heap   total 90112K, used 37598K [0x0000000702000000, 0x0000000800000000)
  region size 2048K, 3 young (6144K), 3 survivors (6144K)
 Metaspace       used 79150K, committed 80000K, reserved 1179648K
  class space    used 10325K, committed 10816K, reserved 1048576K
}
Event: 2976.773 GC heap before
{Heap before GC invocations=139 (full 19):
 garbage-first heap   total 90112K, used 66270K [0x0000000702000000, 0x0000000800000000)
  region size 2048K, 17 young (34816K), 3 survivors (6144K)
 Metaspace       used 79150K, committed 80000K, reserved 1179648K
  class space    used 10325K, committed 10816K, reserved 1048576K
}
Event: 2976.775 GC heap after
{Heap after GC invocations=140 (full 19):
 garbage-first heap   total 90112K, used 38113K [0x0000000702000000, 0x0000000800000000)
  region size 2048K, 1 young (2048K), 1 survivors (2048K)
 Metaspace       used 79150K, committed 80000K, reserved 1179648K
  class space    used 10325K, committed 10816K, reserved 1048576K
}
Event: 2998.511 GC heap before
{Heap before GC invocations=140 (full 19):
 garbage-first heap   total 90112K, used 50401K [0x0000000702000000, 0x0000000800000000)
  region size 2048K, 8 young (16384K), 1 survivors (2048K)
 Metaspace       used 79186K, committed 80064K, reserved 1179648K
  class space    used 10326K, committed 10816K, reserved 1048576K
}

